DEPRECATION WARNING: Leaving `ActiveRecord::ConnectionAdapters::SQLite3Adapter.represent_boolean_as_integer`
set to false is deprecated. SQLite databases have used 't' and 'f' to serialize
boolean values and must have old data converted to 1 and 0 (its native boolean
serialization) before setting this flag to true. Conversion can be accomplished
by setting up a rake task which runs

  ExampleModel.where("boolean_column = 't'").update_all(boolean_column: 1)
  ExampleModel.where("boolean_column = 'f'").update_all(boolean_column: 0)

for all models and all boolean columns, after which the flag must be set to
true by adding the following to your application.rb file:

  Rails.application.config.active_record.sqlite3.represent_boolean_as_integer = true
 (called from instance_eval at /usr/local/lib/ruby/gems/2.6.0/gems/activesupport-5.2.8/lib/active_support/lazy_load_hooks.rb:71)
DEPRECATION WARNING: Leaving `ActiveRecord::ConnectionAdapters::SQLite3Adapter.represent_boolean_as_integer`
set to false is deprecated. SQLite databases have used 't' and 'f' to serialize
boolean values and must have old data converted to 1 and 0 (its native boolean
serialization) before setting this flag to true. Conversion can be accomplished
by setting up a rake task which runs

  ExampleModel.where("boolean_column = 't'").update_all(boolean_column: 1)
  ExampleModel.where("boolean_column = 'f'").update_all(boolean_column: 0)

for all models and all boolean columns, after which the flag must be set to
true by adding the following to your application.rb file:

  Rails.application.config.active_record.sqlite3.represent_boolean_as_integer = true
 (called from instance_eval at /usr/local/lib/ruby/gems/2.6.0/gems/activesupport-5.2.8/lib/active_support/lazy_load_hooks.rb:71)
DEPRECATION WARNING: Leaving `ActiveRecord::ConnectionAdapters::SQLite3Adapter.represent_boolean_as_integer`
set to false is deprecated. SQLite databases have used 't' and 'f' to serialize
boolean values and must have old data converted to 1 and 0 (its native boolean
serialization) before setting this flag to true. Conversion can be accomplished
by setting up a rake task which runs

  ExampleModel.where("boolean_column = 't'").update_all(boolean_column: 1)
  ExampleModel.where("boolean_column = 'f'").update_all(boolean_column: 0)

for all models and all boolean columns, after which the flag must be set to
true by adding the following to your application.rb file:

  Rails.application.config.active_record.sqlite3.represent_boolean_as_integer = true
 (called from instance_eval at /usr/local/lib/ruby/gems/2.6.0/gems/activesupport-5.2.8/lib/active_support/lazy_load_hooks.rb:71)
DEPRECATION WARNING: Leaving `ActiveRecord::ConnectionAdapters::SQLite3Adapter.represent_boolean_as_integer`
set to false is deprecated. SQLite databases have used 't' and 'f' to serialize
boolean values and must have old data converted to 1 and 0 (its native boolean
serialization) before setting this flag to true. Conversion can be accomplished
by setting up a rake task which runs

  ExampleModel.where("boolean_column = 't'").update_all(boolean_column: 1)
  ExampleModel.where("boolean_column = 'f'").update_all(boolean_column: 0)

for all models and all boolean columns, after which the flag must be set to
true by adding the following to your application.rb file:

  Rails.application.config.active_record.sqlite3.represent_boolean_as_integer = true
 (called from instance_eval at /usr/local/lib/ruby/gems/2.6.0/gems/activesupport-5.2.8/lib/active_support/lazy_load_hooks.rb:71)
DEPRECATION WARNING: Leaving `ActiveRecord::ConnectionAdapters::SQLite3Adapter.represent_boolean_as_integer`
set to false is deprecated. SQLite databases have used 't' and 'f' to serialize
boolean values and must have old data converted to 1 and 0 (its native boolean
serialization) before setting this flag to true. Conversion can be accomplished
by setting up a rake task which runs

  ExampleModel.where("boolean_column = 't'").update_all(boolean_column: 1)
  ExampleModel.where("boolean_column = 'f'").update_all(boolean_column: 0)

for all models and all boolean columns, after which the flag must be set to
true by adding the following to your application.rb file:

  Rails.application.config.active_record.sqlite3.represent_boolean_as_integer = true
 (called from instance_eval at /usr/local/lib/ruby/gems/2.6.0/gems/activesupport-5.2.8/lib/active_support/lazy_load_hooks.rb:71)
Started GET "/" for 136.152.143.0 at 2022-06-22 04:49:11 +0000
Cannot render console from 10.2.0.188! Allowed networks: 127.0.0.1, ::1, 127.0.0.0/127.255.255.255
Processing by CalculatorController#main as HTML
  Rendering calculator/main.erb within layouts/application
  Rendered calculator/main.erb within layouts/application (5.7ms)
[Webpacker] Compiling...
Started GET "/" for 136.152.143.0 at 2022-06-22 04:49:14 +0000
Cannot render console from 10.2.0.188! Allowed networks: 127.0.0.1, ::1, 127.0.0.0/127.255.255.255
Processing by CalculatorController#main as HTML
  Rendering calculator/main.erb within layouts/application
  Rendered calculator/main.erb within layouts/application (0.4ms)
[Webpacker] Compiling...
[Webpacker] Compiled all packs in /workspace/studyRubyOnRails/public/packs
[Webpacker] Browserslist: caniuse-lite is outdated. Please run:
npx browserslist@latest --update-db

[Webpacker] Hash: 15d1bb7b54cf6326b9ba
Version: webpack 4.43.0
Time: 34122ms
Built at: 06/22/2022 4:50:05 AM
                                     Asset       Size       Chunks                         Chunk Names
    js/application-9afcbb5693aa87623e69.js    124 KiB  application  [emitted] [immutable]  application
js/application-9afcbb5693aa87623e69.js.map    139 KiB  application  [emitted] [dev]        application
                             manifest.json  364 bytes               [emitted]              
Entrypoint application = js/application-9afcbb5693aa87623e69.js js/application-9afcbb5693aa87623e69.js.map
[./app/javascript/channels sync recursive _channel\.js$] ./app/javascript/channels sync _channel\.js$ 160 bytes {application} [built]
[./app/javascript/channels/index.js] 211 bytes {application} [built]
[./app/javascript/packs/application.js] 749 bytes {application} [built]
[./node_modules/webpack/buildin/module.js] (webpack)/buildin/module.js 552 bytes {application} [built]
    + 3 hidden modules

Completed 200 OK in 51402ms (Views: 51399.1ms | ActiveRecord: 0.0ms)


[Webpacker] Compiled all packs in /workspace/studyRubyOnRails/public/packs
[Webpacker] Browserslist: caniuse-lite is outdated. Please run:
npx browserslist@latest --update-db

[Webpacker] Hash: 15d1bb7b54cf6326b9ba
Version: webpack 4.43.0
Time: 34196ms
Built at: 06/22/2022 4:50:05 AM
                                     Asset       Size       Chunks                         Chunk Names
    js/application-9afcbb5693aa87623e69.js    124 KiB  application  [emitted] [immutable]  application
js/application-9afcbb5693aa87623e69.js.map    139 KiB  application  [emitted] [dev]        application
                             manifest.json  364 bytes               [emitted]              
Entrypoint application = js/application-9afcbb5693aa87623e69.js js/application-9afcbb5693aa87623e69.js.map
[./app/javascript/channels sync recursive _channel\.js$] ./app/javascript/channels sync _channel\.js$ 160 bytes {application} [built]
[./app/javascript/channels/index.js] 211 bytes {application} [built]
[./app/javascript/packs/application.js] 749 bytes {application} [built]
[./node_modules/webpack/buildin/module.js] (webpack)/buildin/module.js 552 bytes {application} [built]
    + 3 hidden modules

Completed 200 OK in 54473ms (Views: 54467.2ms | ActiveRecord: 0.0ms)


Started GET "/" for 136.152.143.0 at 2022-06-22 04:50:11 +0000
Cannot render console from 10.2.0.188! Allowed networks: 127.0.0.1, ::1, 127.0.0.0/127.255.255.255
Processing by CalculatorController#main as HTML
  Rendering calculator/main.erb within layouts/application
  Rendered calculator/main.erb within layouts/application (0.3ms)
[Webpacker] Everything's up-to-date. Nothing to do
Completed 200 OK in 27ms (Views: 26.3ms | ActiveRecord: 0.0ms)


DEPRECATION WARNING: Leaving `ActiveRecord::ConnectionAdapters::SQLite3Adapter.represent_boolean_as_integer`
set to false is deprecated. SQLite databases have used 't' and 'f' to serialize
boolean values and must have old data converted to 1 and 0 (its native boolean
serialization) before setting this flag to true. Conversion can be accomplished
by setting up a rake task which runs

  ExampleModel.where("boolean_column = 't'").update_all(boolean_column: 1)
  ExampleModel.where("boolean_column = 'f'").update_all(boolean_column: 0)

for all models and all boolean columns, after which the flag must be set to
true by adding the following to your application.rb file:

  Rails.application.config.active_record.sqlite3.represent_boolean_as_integer = true
 (called from instance_eval at /usr/local/lib/ruby/gems/2.6.0/gems/activesupport-5.2.8/lib/active_support/lazy_load_hooks.rb:71)
Started GET "/" for 136.152.143.0 at 2022-06-22 04:51:18 +0000
Cannot render console from 10.2.0.188! Allowed networks: 127.0.0.1, ::1, 127.0.0.0/127.255.255.255
Processing by CalculatorController#main as HTML
  Rendering calculator/main.erb within layouts/application
  Rendered calculator/main.erb within layouts/application (2.8ms)
[Webpacker] Everything's up-to-date. Nothing to do
Completed 200 OK in 89ms (Views: 34.3ms | ActiveRecord: 0.0ms)


Started GET "/" for 136.152.143.0 at 2022-06-22 04:54:39 +0000
Cannot render console from 10.2.0.188! Allowed networks: 127.0.0.1, ::1, 127.0.0.0/127.255.255.255
Processing by CalculatorController#main as HTML
  Rendering calculator/main.erb within layouts/application
  Rendered calculator/main.erb within layouts/application (0.4ms)
[Webpacker] Everything's up-to-date. Nothing to do
Completed 200 OK in 40ms (Views: 31.5ms | ActiveRecord: 0.0ms)


Started GET "/" for 136.152.143.0 at 2022-06-22 04:55:26 +0000
Cannot render console from 10.2.0.188! Allowed networks: 127.0.0.1, ::1, 127.0.0.0/127.255.255.255
Processing by CalculatorController#main as HTML
  Rendering calculator/main.erb within layouts/application
  Rendered calculator/main.erb within layouts/application (0.3ms)
[Webpacker] Everything's up-to-date. Nothing to do
Completed 200 OK in 15ms (Views: 12.6ms | ActiveRecord: 0.0ms)


Started GET "/" for 136.152.143.0 at 2022-06-22 04:59:46 +0000
Cannot render console from 10.2.0.188! Allowed networks: 127.0.0.1, ::1, 127.0.0.0/127.255.255.255
Processing by CalculatorController#main as HTML
  Rendering calculator/main.erb within layouts/application
  Rendered calculator/main.erb within layouts/application (0.4ms)
[Webpacker] Everything's up-to-date. Nothing to do
Completed 200 OK in 36ms (Views: 33.4ms | ActiveRecord: 0.0ms)


Started GET "/result?num1=3&num2=5" for 136.152.143.0 at 2022-06-22 04:59:50 +0000
Cannot render console from 10.2.0.188! Allowed networks: 127.0.0.1, ::1, 127.0.0.0/127.255.255.255
Processing by CalculatorController#result as HTML
  Parameters: {"num1"=>"3", "num2"=>"5"}
  Rendering calculator/result.erb within layouts/application
  Rendered calculator/result.erb within layouts/application (0.5ms)
[Webpacker] Everything's up-to-date. Nothing to do
Completed 200 OK in 192ms (Views: 113.0ms | ActiveRecord: 0.0ms)


DEPRECATION WARNING: Leaving `ActiveRecord::ConnectionAdapters::SQLite3Adapter.represent_boolean_as_integer`
set to false is deprecated. SQLite databases have used 't' and 'f' to serialize
boolean values and must have old data converted to 1 and 0 (its native boolean
serialization) before setting this flag to true. Conversion can be accomplished
by setting up a rake task which runs

  ExampleModel.where("boolean_column = 't'").update_all(boolean_column: 1)
  ExampleModel.where("boolean_column = 'f'").update_all(boolean_column: 0)

for all models and all boolean columns, after which the flag must be set to
true by adding the following to your application.rb file:

  Rails.application.config.active_record.sqlite3.represent_boolean_as_integer = true
 (called from instance_eval at /usr/local/lib/ruby/gems/2.6.0/gems/activesupport-5.2.8/lib/active_support/lazy_load_hooks.rb:71)
DEPRECATION WARNING: Leaving `ActiveRecord::ConnectionAdapters::SQLite3Adapter.represent_boolean_as_integer`
set to false is deprecated. SQLite databases have used 't' and 'f' to serialize
boolean values and must have old data converted to 1 and 0 (its native boolean
serialization) before setting this flag to true. Conversion can be accomplished
by setting up a rake task which runs

  ExampleModel.where("boolean_column = 't'").update_all(boolean_column: 1)
  ExampleModel.where("boolean_column = 'f'").update_all(boolean_column: 0)

for all models and all boolean columns, after which the flag must be set to
true by adding the following to your application.rb file:

  Rails.application.config.active_record.sqlite3.represent_boolean_as_integer = true
 (called from instance_eval at /usr/local/lib/ruby/gems/2.6.0/gems/activesupport-5.2.8/lib/active_support/lazy_load_hooks.rb:71)
Started GET "/" for 136.152.143.0 at 2022-06-22 05:59:35 +0000
Cannot render console from 10.2.0.188! Allowed networks: 127.0.0.1, ::1, 127.0.0.0/127.255.255.255
Processing by CalculatorController#main as HTML
  Rendering calculator/main.erb within layouts/application
  Rendered calculator/main.erb within layouts/application (0.9ms)
[Webpacker] Everything's up-to-date. Nothing to do
Completed 200 OK in 87ms (Views: 77.9ms | ActiveRecord: 0.0ms)


Started GET "/result?num1=3&num2=5" for 136.152.143.0 at 2022-06-22 05:59:49 +0000
Cannot render console from 10.2.0.188! Allowed networks: 127.0.0.1, ::1, 127.0.0.0/127.255.255.255
Processing by CalculatorController#result as HTML
  Parameters: {"num1"=>"3", "num2"=>"5"}
  Rendering calculator/result.erb within layouts/application
  Rendered calculator/result.erb within layouts/application (0.4ms)
[Webpacker] Everything's up-to-date. Nothing to do
Completed 200 OK in 12ms (Views: 11.2ms | ActiveRecord: 0.0ms)


Started GET "/result?num1=10&num2=5" for 136.152.143.0 at 2022-06-22 06:01:59 +0000
Cannot render console from 10.2.0.188! Allowed networks: 127.0.0.1, ::1, 127.0.0.0/127.255.255.255
Processing by CalculatorController#result as HTML
  Parameters: {"num1"=>"10", "num2"=>"5"}
  Rendering calculator/result.erb within layouts/application
  Rendered calculator/result.erb within layouts/application (0.5ms)
[Webpacker] Everything's up-to-date. Nothing to do
Completed 200 OK in 41ms (Views: 34.6ms | ActiveRecord: 0.0ms)


Started GET "/result?num1=10&num2=5" for 136.152.143.0 at 2022-06-22 06:03:00 +0000
Cannot render console from 10.2.0.188! Allowed networks: 127.0.0.1, ::1, 127.0.0.0/127.255.255.255
Processing by CalculatorController#result as HTML
  Parameters: {"num1"=>"10", "num2"=>"5"}
  Rendering calculator/result.erb within layouts/application
  Rendered calculator/result.erb within layouts/application (0.5ms)
[Webpacker] Everything's up-to-date. Nothing to do
Completed 200 OK in 66ms (Views: 56.9ms | ActiveRecord: 0.0ms)


Started GET "/result?num1=10&num2=5" for 136.152.143.0 at 2022-06-22 06:03:56 +0000
Cannot render console from 10.2.0.188! Allowed networks: 127.0.0.1, ::1, 127.0.0.0/127.255.255.255
Processing by CalculatorController#result as HTML
  Parameters: {"num1"=>"10", "num2"=>"5"}
  Rendering calculator/result.erb within layouts/application
  Rendered calculator/result.erb within layouts/application (0.5ms)
[Webpacker] Everything's up-to-date. Nothing to do
Completed 200 OK in 11ms (Views: 9.3ms | ActiveRecord: 0.0ms)


DEPRECATION WARNING: Leaving `ActiveRecord::ConnectionAdapters::SQLite3Adapter.represent_boolean_as_integer`
set to false is deprecated. SQLite databases have used 't' and 'f' to serialize
boolean values and must have old data converted to 1 and 0 (its native boolean
serialization) before setting this flag to true. Conversion can be accomplished
by setting up a rake task which runs

  ExampleModel.where("boolean_column = 't'").update_all(boolean_column: 1)
  ExampleModel.where("boolean_column = 'f'").update_all(boolean_column: 0)

for all models and all boolean columns, after which the flag must be set to
true by adding the following to your application.rb file:

  Rails.application.config.active_record.sqlite3.represent_boolean_as_integer = true
 (called from instance_eval at /usr/local/lib/ruby/gems/2.6.0/gems/activesupport-5.2.8/lib/active_support/lazy_load_hooks.rb:71)
DEPRECATION WARNING: Leaving `ActiveRecord::ConnectionAdapters::SQLite3Adapter.represent_boolean_as_integer`
set to false is deprecated. SQLite databases have used 't' and 'f' to serialize
boolean values and must have old data converted to 1 and 0 (its native boolean
serialization) before setting this flag to true. Conversion can be accomplished
by setting up a rake task which runs

  ExampleModel.where("boolean_column = 't'").update_all(boolean_column: 1)
  ExampleModel.where("boolean_column = 'f'").update_all(boolean_column: 0)

for all models and all boolean columns, after which the flag must be set to
true by adding the following to your application.rb file:

  Rails.application.config.active_record.sqlite3.represent_boolean_as_integer = true
 (called from load at /usr/local/bin/rake:23)
  [1m[35m (0.2ms)[0m  [1m[34mSELECT sqlite_version(*)[0m
  ↳ /usr/local/bin/rake:23
  [1m[35m (34.7ms)[0m  [1m[35mCREATE TABLE "schema_migrations" ("version" varchar NOT NULL PRIMARY KEY)[0m
  ↳ /usr/local/bin/rake:23
  [1m[35m (21.1ms)[0m  [1m[35mCREATE TABLE "ar_internal_metadata" ("key" varchar NOT NULL PRIMARY KEY, "value" varchar, "created_at" datetime NOT NULL, "updated_at" datetime NOT NULL)[0m
  ↳ /usr/local/bin/rake:23
  [1m[35m (0.2ms)[0m  [1m[34mSELECT "schema_migrations"."version" FROM "schema_migrations" ORDER BY "schema_migrations"."version" ASC[0m
  ↳ /usr/local/bin/rake:23
Migrating to CreatePosts (20220622235208)
  [1m[35m (0.1ms)[0m  [1m[36mbegin transaction[0m
  ↳ /usr/local/bin/rake:23
  [1m[35m (2.3ms)[0m  [1m[35mCREATE TABLE "posts" ("id" integer PRIMARY KEY AUTOINCREMENT NOT NULL, "title" varchar, "description" text, "created_at" datetime NOT NULL, "updated_at" datetime NOT NULL)[0m
  ↳ db/migrate/20220622235208_create_posts.rb:3
  [1m[36mActiveRecord::SchemaMigration Create (0.3ms)[0m  [1m[32mINSERT INTO "schema_migrations" ("version") VALUES (?)[0m  [["version", "20220622235208"]]
  ↳ /usr/local/bin/rake:23
  [1m[35m (21.8ms)[0m  [1m[36mcommit transaction[0m
  ↳ /usr/local/bin/rake:23
  [1m[36mActiveRecord::InternalMetadata Load (0.3ms)[0m  [1m[34mSELECT  "ar_internal_metadata".* FROM "ar_internal_metadata" WHERE "ar_internal_metadata"."key" = ? LIMIT ?[0m  [["key", "environment"], ["LIMIT", 1]]
  ↳ /usr/local/bin/rake:23
  [1m[35m (0.1ms)[0m  [1m[36mbegin transaction[0m
  ↳ /usr/local/bin/rake:23
  [1m[36mActiveRecord::InternalMetadata Create (1.8ms)[0m  [1m[32mINSERT INTO "ar_internal_metadata" ("key", "value", "created_at", "updated_at") VALUES (?, ?, ?, ?)[0m  [["key", "environment"], ["value", "development"], ["created_at", "2022-06-22 23:56:47.738759"], ["updated_at", "2022-06-22 23:56:47.738759"]]
  ↳ /usr/local/bin/rake:23
  [1m[35m (29.2ms)[0m  [1m[36mcommit transaction[0m
  ↳ /usr/local/bin/rake:23
  [1m[35m (0.2ms)[0m  [1m[34mSELECT "schema_migrations"."version" FROM "schema_migrations" ORDER BY "schema_migrations"."version" ASC[0m
  ↳ /usr/local/bin/rake:23
DEPRECATION WARNING: Leaving `ActiveRecord::ConnectionAdapters::SQLite3Adapter.represent_boolean_as_integer`
set to false is deprecated. SQLite databases have used 't' and 'f' to serialize
boolean values and must have old data converted to 1 and 0 (its native boolean
serialization) before setting this flag to true. Conversion can be accomplished
by setting up a rake task which runs

  ExampleModel.where("boolean_column = 't'").update_all(boolean_column: 1)
  ExampleModel.where("boolean_column = 'f'").update_all(boolean_column: 0)

for all models and all boolean columns, after which the flag must be set to
true by adding the following to your application.rb file:

  Rails.application.config.active_record.sqlite3.represent_boolean_as_integer = true
 (called from instance_eval at /usr/local/lib/ruby/gems/2.6.0/gems/activesupport-5.2.8/lib/active_support/lazy_load_hooks.rb:71)
